
**** Build of configuration Debug for project ControlOscillator ****

"D:\\local\\ti\\ccsv6\\utils\\bin\\gmake" -k all 
'Building file: ../Digital_Lock.c'
'Invoking: MSP432 Compiler'
"D:/local/ti/ccsv6/tools/compiler/ti-cgt-arm_15.12.1.LTS/bin/armcl" -mv7M4 --code_state=16 --float_support=FPv4SPD16 -me --include_path="D:/local/ti/ccsv6/ccs_base/arm/include" --include_path="D:/local/ti/ccsv6/ccs_base/arm/include/CMSIS" --include_path="D:/local/ti/ccsv6/tools/compiler/ti-cgt-arm_15.12.1.LTS/include" --advice:power=all -g --gcc --define=__MSP432P401R__ --define=TARGET_IS_MSP432P4XX --define=ccs --diag_warning=225 --diag_wrap=off --display_error_number --abi=eabi --preproc_with_compile --preproc_dependency="Digital_Lock.d"  "../Digital_Lock.c"
"../Digital_Lock.c", line 55: remark #2623-D: (ULP 5.4) Detected an assignment to a type with size less than int. To avoid unnecessary sign extension, use int-sized types for local varaibles and convert to smaller types for static storage.
"../Digital_Lock.c", line 10: remark #1534-D: (ULP 7.1) Detected use of global variable "RED" within one function "main". Recommend placing variable in the function locally
"../Digital_Lock.c", line 11: remark #1534-D: (ULP 7.1) Detected use of global variable "BLUE" within one function "main". Recommend placing variable in the function locally
"../Digital_Lock.c", line 12: remark #1534-D: (ULP 7.1) Detected use of global variable "GREEN" within one function "main". Recommend placing variable in the function locally
'Finished building: ../Digital_Lock.c'
' '
'Building target: ControlOscillator.out'
'Invoking: MSP432 Linker'
"D:/local/ti/ccsv6/tools/compiler/ti-cgt-arm_15.12.1.LTS/bin/armcl" -mv7M4 --code_state=16 --float_support=FPv4SPD16 -me --advice:power=all -g --gcc --define=__MSP432P401R__ --define=TARGET_IS_MSP432P4XX --define=ccs --diag_warning=225 --diag_wrap=off --display_error_number --abi=eabi -z -m"ControlOscillator.map" --stack_size=512 --heap_size=1024 -i"D:/local/ti/ccsv6/ccs_base/arm/include" -i"D:/local/ti/ccsv6/tools/compiler/ti-cgt-arm_15.12.1.LTS/lib" -i"D:/local/ti/ccsv6/tools/compiler/ti-cgt-arm_15.12.1.LTS/include" --reread_libs --warn_sections --diag_wrap=off --display_error_number --xml_link_info="ControlOscillator_linkInfo.xml" --rom_model -o "ControlOscillator.out" "./Digital_Lock.obj" "./startup_msp432p401r_ccs.obj" "./system_msp432p401r.obj" "../msp432p401r.cmd"  -llibc.a 
<Linking>
remark #10371-D: (ULP 1.1) Detected no uses of low power mode state changing instructions
remark #10372-D: (ULP 4.1) Detected uninitialized Port 3 in this project. Recommend initializing all unused ports to eliminate wasted current consumption on unused pins.
remark #10372-D: (ULP 4.1) Detected uninitialized Port 4 in this project. Recommend initializing all unused ports to eliminate wasted current consumption on unused pins.
remark #10372-D: (ULP 4.1) Detected uninitialized Port 5 in this project. Recommend initializing all unused ports to eliminate wasted current consumption on unused pins.
remark #10372-D: (ULP 4.1) Detected uninitialized Port 6 in this project. Recommend initializing all unused ports to eliminate wasted current consumption on unused pins.
remark #10372-D: (ULP 4.1) Detected uninitialized Port 7 in this project. Recommend initializing all unused ports to eliminate wasted current consumption on unused pins.
remark #10372-D: (ULP 4.1) Detected uninitialized Port 8 in this project. Recommend initializing all unused ports to eliminate wasted current consumption on unused pins.
remark #10372-D: (ULP 4.1) Detected uninitialized Port 9 in this project. Recommend initializing all unused ports to eliminate wasted current consumption on unused pins.
remark #10372-D: (ULP 4.1) Detected uninitialized Port 10 in this project. Recommend initializing all unused ports to eliminate wasted current consumption on unused pins.
'Finished building target: ControlOscillator.out'
' '

**** Build Finished ****

**** Build of configuration Debug for project ControlOscillator ****

"D:\\local\\ti\\ccsv6\\utils\\bin\\gmake" -k all 
gmake: Nothing to be done for 'all'.

**** Build Finished ****
